-------------------------------------------------------------------------------
Test set: TestSuite
-------------------------------------------------------------------------------
Tests run: 1, Failures: 1, Errors: 0, Skipped: 0, Time elapsed: 54.558 s <<< FAILURE! - in TestSuite
com.amazon.testcases.Add_To_Cart.add_items_cart  Time elapsed: 28.439 s  <<< FAILURE!
java.lang.NullPointerException
	at com.amazon.testcases.Add_To_Cart.add_items_cart(Add_To_Cart.java:34)

