<?xml version="1.0" encoding="UTF-8"?>
<!-- Generated by org.testng.reporters.JUnitXMLReporter -->
<testsuite hostname="DESKTOP-TBUU579" ignored="0" name="Test" tests="1" failures="1" timestamp="07 Apr 2020 11:38:02 GMT" time="53.468" errors="0">
  <testcase name="add_items_cart" time="28.342" classname="com.amazon.testcases.Add_To_Cart">
    <failure type="java.lang.NullPointerException">
      <![CDATA[java.lang.NullPointerException
	at com.amazon.pages.add_to_cart.adding_cart(add_to_cart.java:45)
	at com.amazon.testcases.Add_To_Cart.add_items_cart(Add_To_Cart.java:34)
... Removed 29 stack frames]]>
    </failure>
  </testcase> <!-- add_items_cart -->
</testsuite> <!-- Test -->
